[GIN-debug] [WARNING] Creating an Engine instance with the Logger and Recovery middleware already attached.

[GIN-debug] [WARNING] Running in "debug" mode. Switch to "release" mode in production.
 - using env:	export GIN_MODE=release
 - using code:	gin.SetMode(gin.ReleaseMode)

[GIN-debug] GET    /assets/*filepath         --> github.com/gin-gonic/gin.(*RouterGroup).createStaticHandler.func1 (3 handlers)
[GIN-debug] HEAD   /assets/*filepath         --> github.com/gin-gonic/gin.(*RouterGroup).createStaticHandler.func1 (3 handlers)
[GIN-debug] GET    /api/treehole             --> treehole/handlers.GetComments (3 handlers)
[GIN-debug] GET    /api/treehole/author/:author --> treehole/handlers.GetCommentsByAuthor (3 handlers)
[GIN-debug] GET    /api/treehole/search      --> treehole/handlers.GetCommentsBySearch (3 handlers)
[GIN-debug] GET    /api/treehole/static      --> treehole/handlers.GetUserStatistics (3 handlers)
[GIN-debug] GET    /api/aish/posts           --> treehole/handlers.QueryAishPost (3 handlers)
[GIN-debug] [WARNING] You trusted all proxies, this is NOT safe. We recommend you to set a value.
Please check https://pkg.go.dev/github.com/gin-gonic/gin#readme-don-t-trust-all-proxies for details.
[GIN-debug] Listening and serving HTTP on :9000
[GIN] 2025/06/25 - 17:37:01 | 304 |     848.458µs |             ::1 | GET      "/"
[GIN] 2025/06/25 - 17:37:01 | 304 |    5.781959ms |             ::1 | GET      "/assets/index-F1qPdFOQ.css"
[GIN] 2025/06/25 - 17:37:01 | 200 |   26.400875ms |             ::1 | GET      "/assets/index-BMTQeYMP.js"
[GIN] 2025/06/25 - 17:37:01 | 304 |     327.375µs |             ::1 | GET      "/favicon.ico"
[GIN] 2025/06/25 - 17:37:02 | 200 |   78.745959ms |             ::1 | GET      "/api/treehole?page=0&size=20&field=date_gmt&sort=DESC&likeRange="
[GIN] 2025/06/25 - 17:37:08 | 304 |     297.083µs |             ::1 | GET      "/"
[GIN] 2025/06/25 - 17:37:09 | 200 |   30.149958ms |             ::1 | GET      "/api/treehole?page=0&size=20&field=date_gmt&sort=DESC&likeRange="
[GIN] 2025/06/25 - 17:37:18 | 200 |   31.656417ms |             ::1 | GET      "/api/treehole?page=0&size=20&field=date_gmt&sort=DESC&likeRange=201-400"
[GIN] 2025/06/25 - 17:37:23 | 200 |   26.457209ms |             ::1 | GET      "/api/treehole?page=1&size=20&field=date_gmt&sort=DESC&likeRange=201-400"
[GIN] 2025/06/25 - 17:37:43 | 200 |   33.807625ms |             ::1 | GET      "/api/treehole?page=2&size=20&field=date_gmt&sort=DESC&likeRange=201-400"
[GIN] 2025/06/25 - 17:37:49 | 200 |   33.010875ms |             ::1 | GET      "/api/treehole?page=1&size=20&field=date_gmt&sort=DESC&likeRange=201-400"
[GIN] 2025/06/25 - 17:37:52 | 200 |   25.345792ms |             ::1 | GET      "/api/treehole?page=3&size=20&field=date_gmt&sort=DESC&likeRange=201-400"
[GIN] 2025/06/25 - 19:04:57 | 200 |    3.821833ms |             ::1 | GET      "/scanning"
[GIN] 2025/06/25 - 19:05:02 | 200 |   83.678416ms |             ::1 | GET      "/api/treehole?page=0&size=20&field=date_gmt&sort=DESC&likeRange="
[GIN] 2025/06/25 - 19:05:16 | 200 |   34.991958ms |             ::1 | GET      "/api/treehole?page=0&size=20&field=date_gmt&sort=DESC&likeRange=201-400"
[GIN] 2025/06/25 - 19:05:18 | 200 |   42.778875ms |             ::1 | GET      "/api/treehole?page=3&size=20&field=date_gmt&sort=DESC&likeRange=201-400"
[GIN] 2025/06/25 - 19:05:22 | 200 |   30.244042ms |             ::1 | GET      "/api/treehole?page=4&size=20&field=date_gmt&sort=DESC&likeRange=201-400"
[GIN] 2025/06/25 - 19:05:37 | 200 |   34.261625ms |             ::1 | GET      "/api/treehole?page=0&size=20&field=date_gmt&sort=DESC&likeRange=201-400"
[GIN] 2025/06/25 - 19:05:40 | 200 |    31.94975ms |             ::1 | GET      "/api/treehole?page=0&size=20&field=date_gmt&sort=DESC&likeRange=101-200"
[GIN] 2025/06/26 - 14:01:50 | 304 |    2.596291ms |             ::1 | GET      "/"
[GIN] 2025/06/26 - 14:01:50 | 304 |    1.929583ms |             ::1 | GET      "/assets/index-BMTQeYMP.js"
[GIN] 2025/06/26 - 14:01:50 | 304 |    1.932417ms |             ::1 | GET      "/assets/index-F1qPdFOQ.css"
[GIN] 2025/06/26 - 14:01:50 | 304 |     443.458µs |             ::1 | GET      "/favicon.ico"
[GIN] 2025/06/27 - 14:21:06 | 304 |    2.516042ms |             ::1 | GET      "/"
[GIN] 2025/06/27 - 14:21:07 | 304 |     2.05575ms |             ::1 | GET      "/assets/index-F1qPdFOQ.css"
[GIN] 2025/06/27 - 14:21:07 | 304 |    1.581375ms |             ::1 | GET      "/assets/index-BMTQeYMP.js"
[GIN] 2025/06/27 - 14:21:07 | 304 |     644.625µs |             ::1 | GET      "/favicon.ico"
[mysql] 2025/06/27 14:21:09 packets.go:122: closing bad idle connection: unexpected read from socket
[GIN] 2025/06/27 - 14:21:09 | 200 |  169.628458ms |             ::1 | GET      "/api/treehole?page=0&size=20&field=date_gmt&sort=DESC&likeRange="
[GIN] 2025/06/27 - 14:21:37 | 200 |   28.683167ms |             ::1 | GET      "/api/treehole?page=0&size=20&field=date_gmt&sort=DESC&likeRange="
[GIN] 2025/06/27 - 20:12:28 | 304 |    2.246958ms |             ::1 | GET      "/scanning"
[GIN] 2025/06/27 - 20:12:32 | 200 |   41.492541ms |             ::1 | GET      "/api/treehole?page=0&size=20&field=date_gmt&sort=DESC&likeRange="
[GIN] 2025/06/27 - 20:13:20 | 304 |     522.667µs |             ::1 | GET      "/"
[GIN] 2025/06/27 - 20:13:21 | 200 |   28.269125ms |             ::1 | GET      "/api/treehole?page=0&size=20&field=date_gmt&sort=DESC&likeRange="
[GIN] 2025/06/27 - 20:13:23 | 304 |     293.083µs |             ::1 | GET      "/"
[GIN] 2025/06/27 - 20:13:24 | 200 |   30.467125ms |             ::1 | GET      "/api/treehole?page=0&size=20&field=date_gmt&sort=DESC&likeRange="
